<?xml version="1.0" encoding="UTF-8"?>
<testsuite xmlns:xsi="http://www.w3.org/2001/XMLSchema-instance" xsi:noNamespaceSchemaLocation="https://maven.apache.org/surefire/maven-surefire-plugin/xsd/surefire-test-report.xsd" name="com.example.demo.mongo.MongoDBTest" time="4.339" tests="1" errors="0" skipped="0" failures="0">
  <properties>
    <property name="sun.desktop" value="windows"/>
    <property name="awt.toolkit" value="sun.awt.windows.WToolkit"/>
    <property name="file.encoding.pkg" value="sun.io"/>
    <property name="java.specification.version" value="1.8"/>
    <property name="sun.cpu.isalist" value="amd64"/>
    <property name="sun.jnu.encoding" value="GBK"/>
    <property name="java.class.path" value="E:\Workspaces\MyEclipse 2017 CI\springbootfreemarker Maven Webapp\target\test-classes;E:\Workspaces\MyEclipse 2017 CI\springbootfreemarker Maven Webapp\target\classes;E:\.m2\repository\org\springframework\boot\spring-boot-starter-web\2.1.0.RELEASE\spring-boot-starter-web-2.1.0.RELEASE.jar;E:\.m2\repository\org\springframework\boot\spring-boot-starter\2.1.0.RELEASE\spring-boot-starter-2.1.0.RELEASE.jar;E:\.m2\repository\org\springframework\boot\spring-boot\2.1.0.RELEASE\spring-boot-2.1.0.RELEASE.jar;E:\.m2\repository\org\springframework\boot\spring-boot-autoconfigure\2.1.0.RELEASE\spring-boot-autoconfigure-2.1.0.RELEASE.jar;E:\.m2\repository\org\springframework\boot\spring-boot-starter-logging\2.1.0.RELEASE\spring-boot-starter-logging-2.1.0.RELEASE.jar;E:\.m2\repository\ch\qos\logback\logback-classic\1.2.3\logback-classic-1.2.3.jar;E:\.m2\repository\ch\qos\logback\logback-core\1.2.3\logback-core-1.2.3.jar;E:\.m2\repository\org\apache\logging\log4j\log4j-to-slf4j\2.11.1\log4j-to-slf4j-2.11.1.jar;E:\.m2\repository\org\apache\logging\log4j\log4j-api\2.11.1\log4j-api-2.11.1.jar;E:\.m2\repository\org\slf4j\jul-to-slf4j\1.7.25\jul-to-slf4j-1.7.25.jar;E:\.m2\repository\org\yaml\snakeyaml\1.23\snakeyaml-1.23.jar;E:\.m2\repository\org\springframework\boot\spring-boot-starter-json\2.1.0.RELEASE\spring-boot-starter-json-2.1.0.RELEASE.jar;E:\.m2\repository\com\fasterxml\jackson\core\jackson-databind\2.9.7\jackson-databind-2.9.7.jar;E:\.m2\repository\com\fasterxml\jackson\core\jackson-annotations\2.9.0\jackson-annotations-2.9.0.jar;E:\.m2\repository\com\fasterxml\jackson\core\jackson-core\2.9.7\jackson-core-2.9.7.jar;E:\.m2\repository\com\fasterxml\jackson\datatype\jackson-datatype-jdk8\2.9.7\jackson-datatype-jdk8-2.9.7.jar;E:\.m2\repository\com\fasterxml\jackson\datatype\jackson-datatype-jsr310\2.9.7\jackson-datatype-jsr310-2.9.7.jar;E:\.m2\repository\com\fasterxml\jackson\module\jackson-module-parameter-names\2.9.7\jackson-module-parameter-names-2.9.7.jar;E:\.m2\repository\org\hibernate\validator\hibernate-validator\6.0.13.Final\hibernate-validator-6.0.13.Final.jar;E:\.m2\repository\javax\validation\validation-api\2.0.1.Final\validation-api-2.0.1.Final.jar;E:\.m2\repository\org\jboss\logging\jboss-logging\3.3.2.Final\jboss-logging-3.3.2.Final.jar;E:\.m2\repository\com\fasterxml\classmate\1.4.0\classmate-1.4.0.jar;E:\.m2\repository\org\springframework\spring-web\5.1.2.RELEASE\spring-web-5.1.2.RELEASE.jar;E:\.m2\repository\org\springframework\spring-webmvc\5.1.2.RELEASE\spring-webmvc-5.1.2.RELEASE.jar;E:\.m2\repository\org\springframework\spring-aop\5.1.2.RELEASE\spring-aop-5.1.2.RELEASE.jar;E:\.m2\repository\org\springframework\spring-context\5.1.2.RELEASE\spring-context-5.1.2.RELEASE.jar;E:\.m2\repository\org\springframework\spring-expression\5.1.2.RELEASE\spring-expression-5.1.2.RELEASE.jar;E:\.m2\repository\javax\javaee-api\8.0\javaee-api-8.0.jar;E:\.m2\repository\com\sun\mail\javax.mail\1.6.2\javax.mail-1.6.2.jar;E:\.m2\repository\javax\activation\activation\1.1\activation-1.1.jar;E:\.m2\repository\org\springframework\spring-jms\5.1.2.RELEASE\spring-jms-5.1.2.RELEASE.jar;E:\.m2\repository\org\springframework\spring-beans\5.1.2.RELEASE\spring-beans-5.1.2.RELEASE.jar;E:\.m2\repository\org\springframework\spring-core\5.1.2.RELEASE\spring-core-5.1.2.RELEASE.jar;E:\.m2\repository\org\springframework\spring-jcl\5.1.2.RELEASE\spring-jcl-5.1.2.RELEASE.jar;E:\.m2\repository\org\springframework\spring-messaging\5.1.2.RELEASE\spring-messaging-5.1.2.RELEASE.jar;E:\.m2\repository\org\springframework\spring-tx\5.1.2.RELEASE\spring-tx-5.1.2.RELEASE.jar;E:\.m2\repository\org\apache\cxf\cxf-rt-frontend-jaxws\3.1.6\cxf-rt-frontend-jaxws-3.1.6.jar;E:\.m2\repository\xml-resolver\xml-resolver\1.2\xml-resolver-1.2.jar;E:\.m2\repository\org\ow2\asm\asm\5.0.4\asm-5.0.4.jar;E:\.m2\repository\org\apache\cxf\cxf-core\3.1.6\cxf-core-3.1.6.jar;E:\.m2\repository\org\codehaus\woodstox\woodstox-core-asl\4.4.1\woodstox-core-asl-4.4.1.jar;E:\.m2\repository\org\codehaus\woodstox\stax2-api\3.1.4\stax2-api-3.1.4.jar;E:\.m2\repository\org\apache\ws\xmlschema\xmlschema-core\2.2.1\xmlschema-core-2.2.1.jar;E:\.m2\repository\org\apache\cxf\cxf-rt-bindings-soap\3.1.6\cxf-rt-bindings-soap-3.1.6.jar;E:\.m2\repository\org\apache\cxf\cxf-rt-wsdl\3.1.6\cxf-rt-wsdl-3.1.6.jar;E:\.m2\repository\wsdl4j\wsdl4j\1.6.3\wsdl4j-1.6.3.jar;E:\.m2\repository\org\apache\cxf\cxf-rt-databinding-jaxb\3.1.6\cxf-rt-databinding-jaxb-3.1.6.jar;E:\.m2\repository\com\sun\xml\bind\jaxb-impl\2.2.11\jaxb-impl-2.2.11.jar;E:\.m2\repository\com\sun\xml\bind\jaxb-core\2.2.11\jaxb-core-2.2.11.jar;E:\.m2\repository\org\apache\cxf\cxf-rt-bindings-xml\3.1.6\cxf-rt-bindings-xml-3.1.6.jar;E:\.m2\repository\org\apache\cxf\cxf-rt-frontend-simple\3.1.6\cxf-rt-frontend-simple-3.1.6.jar;E:\.m2\repository\org\apache\cxf\cxf-rt-ws-addr\3.1.6\cxf-rt-ws-addr-3.1.6.jar;E:\.m2\repository\org\apache\cxf\cxf-rt-ws-policy\3.1.6\cxf-rt-ws-policy-3.1.6.jar;E:\.m2\repository\org\apache\neethi\neethi\3.0.3\neethi-3.0.3.jar;E:\.m2\repository\org\apache\cxf\cxf-rt-transports-http\3.1.6\cxf-rt-transports-http-3.1.6.jar;E:\.m2\repository\org\mybatis\spring\boot\mybatis-spring-boot-starter\1.1.1\mybatis-spring-boot-starter-1.1.1.jar;E:\.m2\repository\org\mybatis\spring\boot\mybatis-spring-boot-autoconfigure\1.1.1\mybatis-spring-boot-autoconfigure-1.1.1.jar;E:\.m2\repository\org\mybatis\mybatis\3.4.0\mybatis-3.4.0.jar;E:\.m2\repository\org\mybatis\mybatis-spring\1.3.0\mybatis-spring-1.3.0.jar;E:\.m2\repository\mysql\mysql-connector-java\8.0.11\mysql-connector-java-8.0.11.jar;E:\.m2\repository\org\springframework\boot\spring-boot-starter-data-jpa\2.1.0.RELEASE\spring-boot-starter-data-jpa-2.1.0.RELEASE.jar;E:\.m2\repository\org\springframework\boot\spring-boot-starter-aop\2.1.0.RELEASE\spring-boot-starter-aop-2.1.0.RELEASE.jar;E:\.m2\repository\org\aspectj\aspectjweaver\1.9.2\aspectjweaver-1.9.2.jar;E:\.m2\repository\org\springframework\boot\spring-boot-starter-jdbc\2.1.0.RELEASE\spring-boot-starter-jdbc-2.1.0.RELEASE.jar;E:\.m2\repository\com\zaxxer\HikariCP\3.2.0\HikariCP-3.2.0.jar;E:\.m2\repository\org\springframework\spring-jdbc\5.1.2.RELEASE\spring-jdbc-5.1.2.RELEASE.jar;E:\.m2\repository\javax\transaction\javax.transaction-api\1.3\javax.transaction-api-1.3.jar;E:\.m2\repository\org\hibernate\hibernate-core\5.3.7.Final\hibernate-core-5.3.7.Final.jar;E:\.m2\repository\javax\persistence\javax.persistence-api\2.2\javax.persistence-api-2.2.jar;E:\.m2\repository\org\javassist\javassist\3.23.1-GA\javassist-3.23.1-GA.jar;E:\.m2\repository\net\bytebuddy\byte-buddy\1.9.3\byte-buddy-1.9.3.jar;E:\.m2\repository\antlr\antlr\2.7.7\antlr-2.7.7.jar;E:\.m2\repository\org\jboss\jandex\2.0.5.Final\jandex-2.0.5.Final.jar;E:\.m2\repository\javax\activation\javax.activation-api\1.2.0\javax.activation-api-1.2.0.jar;E:\.m2\repository\org\dom4j\dom4j\2.1.1\dom4j-2.1.1.jar;E:\.m2\repository\org\hibernate\common\hibernate-commons-annotations\5.0.4.Final\hibernate-commons-annotations-5.0.4.Final.jar;E:\.m2\repository\org\springframework\data\spring-data-jpa\2.1.2.RELEASE\spring-data-jpa-2.1.2.RELEASE.jar;E:\.m2\repository\org\springframework\data\spring-data-commons\2.1.2.RELEASE\spring-data-commons-2.1.2.RELEASE.jar;E:\.m2\repository\org\springframework\spring-orm\5.1.2.RELEASE\spring-orm-5.1.2.RELEASE.jar;E:\.m2\repository\org\slf4j\slf4j-api\1.7.25\slf4j-api-1.7.25.jar;E:\.m2\repository\org\springframework\spring-aspects\5.1.2.RELEASE\spring-aspects-5.1.2.RELEASE.jar;E:\.m2\repository\org\springframework\boot\spring-boot-starter-data-mongodb\2.1.0.RELEASE\spring-boot-starter-data-mongodb-2.1.0.RELEASE.jar;E:\.m2\repository\org\mongodb\mongodb-driver\3.8.2\mongodb-driver-3.8.2.jar;E:\.m2\repository\org\mongodb\bson\3.8.2\bson-3.8.2.jar;E:\.m2\repository\org\mongodb\mongodb-driver-core\3.8.2\mongodb-driver-core-3.8.2.jar;E:\.m2\repository\org\springframework\data\spring-data-mongodb\2.1.2.RELEASE\spring-data-mongodb-2.1.2.RELEASE.jar;E:\.m2\repository\org\springframework\boot\spring-boot-starter-test\2.1.0.RELEASE\spring-boot-starter-test-2.1.0.RELEASE.jar;E:\.m2\repository\org\springframework\boot\spring-boot-test\2.1.0.RELEASE\spring-boot-test-2.1.0.RELEASE.jar;E:\.m2\repository\org\springframework\boot\spring-boot-test-autoconfigure\2.1.0.RELEASE\spring-boot-test-autoconfigure-2.1.0.RELEASE.jar;E:\.m2\repository\com\jayway\jsonpath\json-path\2.4.0\json-path-2.4.0.jar;E:\.m2\repository\net\minidev\json-smart\2.3\json-smart-2.3.jar;E:\.m2\repository\net\minidev\accessors-smart\1.2\accessors-smart-1.2.jar;E:\.m2\repository\org\assertj\assertj-core\3.11.1\assertj-core-3.11.1.jar;E:\.m2\repository\org\mockito\mockito-core\2.23.0\mockito-core-2.23.0.jar;E:\.m2\repository\net\bytebuddy\byte-buddy-agent\1.9.3\byte-buddy-agent-1.9.3.jar;E:\.m2\repository\org\objenesis\objenesis\2.6\objenesis-2.6.jar;E:\.m2\repository\org\hamcrest\hamcrest-core\1.3\hamcrest-core-1.3.jar;E:\.m2\repository\org\hamcrest\hamcrest-library\1.3\hamcrest-library-1.3.jar;E:\.m2\repository\org\skyscreamer\jsonassert\1.5.0\jsonassert-1.5.0.jar;E:\.m2\repository\com\vaadin\external\google\android-json\0.0.20131108.vaadin1\android-json-0.0.20131108.vaadin1.jar;E:\.m2\repository\org\springframework\spring-test\5.1.2.RELEASE\spring-test-5.1.2.RELEASE.jar;E:\.m2\repository\org\xmlunit\xmlunit-core\2.6.2\xmlunit-core-2.6.2.jar;E:\.m2\repository\junit\junit\4.12\junit-4.12.jar;E:\.m2\repository\org\springframework\boot\spring-boot-starter-tomcat\2.1.0.RELEASE\spring-boot-starter-tomcat-2.1.0.RELEASE.jar;E:\.m2\repository\javax\annotation\javax.annotation-api\1.3.2\javax.annotation-api-1.3.2.jar;E:\.m2\repository\org\apache\tomcat\embed\tomcat-embed-core\9.0.12\tomcat-embed-core-9.0.12.jar;E:\.m2\repository\org\apache\tomcat\embed\tomcat-embed-el\9.0.12\tomcat-embed-el-9.0.12.jar;E:\.m2\repository\org\apache\tomcat\embed\tomcat-embed-websocket\9.0.12\tomcat-embed-websocket-9.0.12.jar;E:\.m2\repository\org\apache\tomcat\embed\tomcat-embed-jasper\9.0.12\tomcat-embed-jasper-9.0.12.jar;E:\.m2\repository\org\eclipse\jdt\ecj\3.13.102\ecj-3.13.102.jar;E:\.m2\repository\javax\xml\bind\jaxb-api\2.2.11\jaxb-api-2.2.11.jar;E:\.m2\repository\com\alibaba\fastjson\1.2.15\fastjson-1.2.15.jar;E:\.m2\repository\org\springframework\boot\spring-boot-starter-freemarker\2.1.0.RELEASE\spring-boot-starter-freemarker-2.1.0.RELEASE.jar;E:\.m2\repository\org\freemarker\freemarker\2.3.28\freemarker-2.3.28.jar;E:\.m2\repository\org\springframework\spring-context-support\5.1.2.RELEASE\spring-context-support-5.1.2.RELEASE.jar;E:\.m2\repository\org\springframework\boot\spring-boot-starter-actuator\2.1.0.RELEASE\spring-boot-starter-actuator-2.1.0.RELEASE.jar;E:\.m2\repository\org\springframework\boot\spring-boot-actuator-autoconfigure\2.1.0.RELEASE\spring-boot-actuator-autoconfigure-2.1.0.RELEASE.jar;E:\.m2\repository\org\springframework\boot\spring-boot-actuator\2.1.0.RELEASE\spring-boot-actuator-2.1.0.RELEASE.jar;E:\.m2\repository\io\micrometer\micrometer-core\1.1.0\micrometer-core-1.1.0.jar;E:\.m2\repository\org\hdrhistogram\HdrHistogram\2.1.9\HdrHistogram-2.1.9.jar;E:\.m2\repository\org\latencyutils\LatencyUtils\2.0.3\LatencyUtils-2.0.3.jar;"/>
    <property name="java.vm.vendor" value="Oracle Corporation"/>
    <property name="sun.arch.data.model" value="64"/>
    <property name="user.variant" value=""/>
    <property name="java.vendor.url" value="http://java.oracle.com/"/>
    <property name="user.timezone" value="Asia/Shanghai"/>
    <property name="java.vm.specification.version" value="1.8"/>
    <property name="os.name" value="Windows 11"/>
    <property name="user.country" value="CN"/>
    <property name="sun.java.launcher" value="SUN_STANDARD"/>
    <property name="sun.boot.library.path" value="D:\Program Files\Java\jdk1.8.0_361\jre\bin"/>
    <property name="sun.java.command" value="C:\Users\ASUS\AppData\Local\Temp\surefire4949234436036463913\surefirebooter7616979559400484849.jar C:\Users\ASUS\AppData\Local\Temp\surefire4949234436036463913 2023-11-08T19-40-49_502-jvmRun1 surefire4337577325898061762tmp surefire_06704596251488875105tmp"/>
    <property name="surefire.test.class.path" value="E:\Workspaces\MyEclipse 2017 CI\springbootfreemarker Maven Webapp\target\test-classes;E:\Workspaces\MyEclipse 2017 CI\springbootfreemarker Maven Webapp\target\classes;E:\.m2\repository\org\springframework\boot\spring-boot-starter-web\2.1.0.RELEASE\spring-boot-starter-web-2.1.0.RELEASE.jar;E:\.m2\repository\org\springframework\boot\spring-boot-starter\2.1.0.RELEASE\spring-boot-starter-2.1.0.RELEASE.jar;E:\.m2\repository\org\springframework\boot\spring-boot\2.1.0.RELEASE\spring-boot-2.1.0.RELEASE.jar;E:\.m2\repository\org\springframework\boot\spring-boot-autoconfigure\2.1.0.RELEASE\spring-boot-autoconfigure-2.1.0.RELEASE.jar;E:\.m2\repository\org\springframework\boot\spring-boot-starter-logging\2.1.0.RELEASE\spring-boot-starter-logging-2.1.0.RELEASE.jar;E:\.m2\repository\ch\qos\logback\logback-classic\1.2.3\logback-classic-1.2.3.jar;E:\.m2\repository\ch\qos\logback\logback-core\1.2.3\logback-core-1.2.3.jar;E:\.m2\repository\org\apache\logging\log4j\log4j-to-slf4j\2.11.1\log4j-to-slf4j-2.11.1.jar;E:\.m2\repository\org\apache\logging\log4j\log4j-api\2.11.1\log4j-api-2.11.1.jar;E:\.m2\repository\org\slf4j\jul-to-slf4j\1.7.25\jul-to-slf4j-1.7.25.jar;E:\.m2\repository\org\yaml\snakeyaml\1.23\snakeyaml-1.23.jar;E:\.m2\repository\org\springframework\boot\spring-boot-starter-json\2.1.0.RELEASE\spring-boot-starter-json-2.1.0.RELEASE.jar;E:\.m2\repository\com\fasterxml\jackson\core\jackson-databind\2.9.7\jackson-databind-2.9.7.jar;E:\.m2\repository\com\fasterxml\jackson\core\jackson-annotations\2.9.0\jackson-annotations-2.9.0.jar;E:\.m2\repository\com\fasterxml\jackson\core\jackson-core\2.9.7\jackson-core-2.9.7.jar;E:\.m2\repository\com\fasterxml\jackson\datatype\jackson-datatype-jdk8\2.9.7\jackson-datatype-jdk8-2.9.7.jar;E:\.m2\repository\com\fasterxml\jackson\datatype\jackson-datatype-jsr310\2.9.7\jackson-datatype-jsr310-2.9.7.jar;E:\.m2\repository\com\fasterxml\jackson\module\jackson-module-parameter-names\2.9.7\jackson-module-parameter-names-2.9.7.jar;E:\.m2\repository\org\hibernate\validator\hibernate-validator\6.0.13.Final\hibernate-validator-6.0.13.Final.jar;E:\.m2\repository\javax\validation\validation-api\2.0.1.Final\validation-api-2.0.1.Final.jar;E:\.m2\repository\org\jboss\logging\jboss-logging\3.3.2.Final\jboss-logging-3.3.2.Final.jar;E:\.m2\repository\com\fasterxml\classmate\1.4.0\classmate-1.4.0.jar;E:\.m2\repository\org\springframework\spring-web\5.1.2.RELEASE\spring-web-5.1.2.RELEASE.jar;E:\.m2\repository\org\springframework\spring-webmvc\5.1.2.RELEASE\spring-webmvc-5.1.2.RELEASE.jar;E:\.m2\repository\org\springframework\spring-aop\5.1.2.RELEASE\spring-aop-5.1.2.RELEASE.jar;E:\.m2\repository\org\springframework\spring-context\5.1.2.RELEASE\spring-context-5.1.2.RELEASE.jar;E:\.m2\repository\org\springframework\spring-expression\5.1.2.RELEASE\spring-expression-5.1.2.RELEASE.jar;E:\.m2\repository\javax\javaee-api\8.0\javaee-api-8.0.jar;E:\.m2\repository\com\sun\mail\javax.mail\1.6.2\javax.mail-1.6.2.jar;E:\.m2\repository\javax\activation\activation\1.1\activation-1.1.jar;E:\.m2\repository\org\springframework\spring-jms\5.1.2.RELEASE\spring-jms-5.1.2.RELEASE.jar;E:\.m2\repository\org\springframework\spring-beans\5.1.2.RELEASE\spring-beans-5.1.2.RELEASE.jar;E:\.m2\repository\org\springframework\spring-core\5.1.2.RELEASE\spring-core-5.1.2.RELEASE.jar;E:\.m2\repository\org\springframework\spring-jcl\5.1.2.RELEASE\spring-jcl-5.1.2.RELEASE.jar;E:\.m2\repository\org\springframework\spring-messaging\5.1.2.RELEASE\spring-messaging-5.1.2.RELEASE.jar;E:\.m2\repository\org\springframework\spring-tx\5.1.2.RELEASE\spring-tx-5.1.2.RELEASE.jar;E:\.m2\repository\org\apache\cxf\cxf-rt-frontend-jaxws\3.1.6\cxf-rt-frontend-jaxws-3.1.6.jar;E:\.m2\repository\xml-resolver\xml-resolver\1.2\xml-resolver-1.2.jar;E:\.m2\repository\org\ow2\asm\asm\5.0.4\asm-5.0.4.jar;E:\.m2\repository\org\apache\cxf\cxf-core\3.1.6\cxf-core-3.1.6.jar;E:\.m2\repository\org\codehaus\woodstox\woodstox-core-asl\4.4.1\woodstox-core-asl-4.4.1.jar;E:\.m2\repository\org\codehaus\woodstox\stax2-api\3.1.4\stax2-api-3.1.4.jar;E:\.m2\repository\org\apache\ws\xmlschema\xmlschema-core\2.2.1\xmlschema-core-2.2.1.jar;E:\.m2\repository\org\apache\cxf\cxf-rt-bindings-soap\3.1.6\cxf-rt-bindings-soap-3.1.6.jar;E:\.m2\repository\org\apache\cxf\cxf-rt-wsdl\3.1.6\cxf-rt-wsdl-3.1.6.jar;E:\.m2\repository\wsdl4j\wsdl4j\1.6.3\wsdl4j-1.6.3.jar;E:\.m2\repository\org\apache\cxf\cxf-rt-databinding-jaxb\3.1.6\cxf-rt-databinding-jaxb-3.1.6.jar;E:\.m2\repository\com\sun\xml\bind\jaxb-impl\2.2.11\jaxb-impl-2.2.11.jar;E:\.m2\repository\com\sun\xml\bind\jaxb-core\2.2.11\jaxb-core-2.2.11.jar;E:\.m2\repository\org\apache\cxf\cxf-rt-bindings-xml\3.1.6\cxf-rt-bindings-xml-3.1.6.jar;E:\.m2\repository\org\apache\cxf\cxf-rt-frontend-simple\3.1.6\cxf-rt-frontend-simple-3.1.6.jar;E:\.m2\repository\org\apache\cxf\cxf-rt-ws-addr\3.1.6\cxf-rt-ws-addr-3.1.6.jar;E:\.m2\repository\org\apache\cxf\cxf-rt-ws-policy\3.1.6\cxf-rt-ws-policy-3.1.6.jar;E:\.m2\repository\org\apache\neethi\neethi\3.0.3\neethi-3.0.3.jar;E:\.m2\repository\org\apache\cxf\cxf-rt-transports-http\3.1.6\cxf-rt-transports-http-3.1.6.jar;E:\.m2\repository\org\mybatis\spring\boot\mybatis-spring-boot-starter\1.1.1\mybatis-spring-boot-starter-1.1.1.jar;E:\.m2\repository\org\mybatis\spring\boot\mybatis-spring-boot-autoconfigure\1.1.1\mybatis-spring-boot-autoconfigure-1.1.1.jar;E:\.m2\repository\org\mybatis\mybatis\3.4.0\mybatis-3.4.0.jar;E:\.m2\repository\org\mybatis\mybatis-spring\1.3.0\mybatis-spring-1.3.0.jar;E:\.m2\repository\mysql\mysql-connector-java\8.0.11\mysql-connector-java-8.0.11.jar;E:\.m2\repository\org\springframework\boot\spring-boot-starter-data-jpa\2.1.0.RELEASE\spring-boot-starter-data-jpa-2.1.0.RELEASE.jar;E:\.m2\repository\org\springframework\boot\spring-boot-starter-aop\2.1.0.RELEASE\spring-boot-starter-aop-2.1.0.RELEASE.jar;E:\.m2\repository\org\aspectj\aspectjweaver\1.9.2\aspectjweaver-1.9.2.jar;E:\.m2\repository\org\springframework\boot\spring-boot-starter-jdbc\2.1.0.RELEASE\spring-boot-starter-jdbc-2.1.0.RELEASE.jar;E:\.m2\repository\com\zaxxer\HikariCP\3.2.0\HikariCP-3.2.0.jar;E:\.m2\repository\org\springframework\spring-jdbc\5.1.2.RELEASE\spring-jdbc-5.1.2.RELEASE.jar;E:\.m2\repository\javax\transaction\javax.transaction-api\1.3\javax.transaction-api-1.3.jar;E:\.m2\repository\org\hibernate\hibernate-core\5.3.7.Final\hibernate-core-5.3.7.Final.jar;E:\.m2\repository\javax\persistence\javax.persistence-api\2.2\javax.persistence-api-2.2.jar;E:\.m2\repository\org\javassist\javassist\3.23.1-GA\javassist-3.23.1-GA.jar;E:\.m2\repository\net\bytebuddy\byte-buddy\1.9.3\byte-buddy-1.9.3.jar;E:\.m2\repository\antlr\antlr\2.7.7\antlr-2.7.7.jar;E:\.m2\repository\org\jboss\jandex\2.0.5.Final\jandex-2.0.5.Final.jar;E:\.m2\repository\javax\activation\javax.activation-api\1.2.0\javax.activation-api-1.2.0.jar;E:\.m2\repository\org\dom4j\dom4j\2.1.1\dom4j-2.1.1.jar;E:\.m2\repository\org\hibernate\common\hibernate-commons-annotations\5.0.4.Final\hibernate-commons-annotations-5.0.4.Final.jar;E:\.m2\repository\org\springframework\data\spring-data-jpa\2.1.2.RELEASE\spring-data-jpa-2.1.2.RELEASE.jar;E:\.m2\repository\org\springframework\data\spring-data-commons\2.1.2.RELEASE\spring-data-commons-2.1.2.RELEASE.jar;E:\.m2\repository\org\springframework\spring-orm\5.1.2.RELEASE\spring-orm-5.1.2.RELEASE.jar;E:\.m2\repository\org\slf4j\slf4j-api\1.7.25\slf4j-api-1.7.25.jar;E:\.m2\repository\org\springframework\spring-aspects\5.1.2.RELEASE\spring-aspects-5.1.2.RELEASE.jar;E:\.m2\repository\org\springframework\boot\spring-boot-starter-data-mongodb\2.1.0.RELEASE\spring-boot-starter-data-mongodb-2.1.0.RELEASE.jar;E:\.m2\repository\org\mongodb\mongodb-driver\3.8.2\mongodb-driver-3.8.2.jar;E:\.m2\repository\org\mongodb\bson\3.8.2\bson-3.8.2.jar;E:\.m2\repository\org\mongodb\mongodb-driver-core\3.8.2\mongodb-driver-core-3.8.2.jar;E:\.m2\repository\org\springframework\data\spring-data-mongodb\2.1.2.RELEASE\spring-data-mongodb-2.1.2.RELEASE.jar;E:\.m2\repository\org\springframework\boot\spring-boot-starter-test\2.1.0.RELEASE\spring-boot-starter-test-2.1.0.RELEASE.jar;E:\.m2\repository\org\springframework\boot\spring-boot-test\2.1.0.RELEASE\spring-boot-test-2.1.0.RELEASE.jar;E:\.m2\repository\org\springframework\boot\spring-boot-test-autoconfigure\2.1.0.RELEASE\spring-boot-test-autoconfigure-2.1.0.RELEASE.jar;E:\.m2\repository\com\jayway\jsonpath\json-path\2.4.0\json-path-2.4.0.jar;E:\.m2\repository\net\minidev\json-smart\2.3\json-smart-2.3.jar;E:\.m2\repository\net\minidev\accessors-smart\1.2\accessors-smart-1.2.jar;E:\.m2\repository\org\assertj\assertj-core\3.11.1\assertj-core-3.11.1.jar;E:\.m2\repository\org\mockito\mockito-core\2.23.0\mockito-core-2.23.0.jar;E:\.m2\repository\net\bytebuddy\byte-buddy-agent\1.9.3\byte-buddy-agent-1.9.3.jar;E:\.m2\repository\org\objenesis\objenesis\2.6\objenesis-2.6.jar;E:\.m2\repository\org\hamcrest\hamcrest-core\1.3\hamcrest-core-1.3.jar;E:\.m2\repository\org\hamcrest\hamcrest-library\1.3\hamcrest-library-1.3.jar;E:\.m2\repository\org\skyscreamer\jsonassert\1.5.0\jsonassert-1.5.0.jar;E:\.m2\repository\com\vaadin\external\google\android-json\0.0.20131108.vaadin1\android-json-0.0.20131108.vaadin1.jar;E:\.m2\repository\org\springframework\spring-test\5.1.2.RELEASE\spring-test-5.1.2.RELEASE.jar;E:\.m2\repository\org\xmlunit\xmlunit-core\2.6.2\xmlunit-core-2.6.2.jar;E:\.m2\repository\junit\junit\4.12\junit-4.12.jar;E:\.m2\repository\org\springframework\boot\spring-boot-starter-tomcat\2.1.0.RELEASE\spring-boot-starter-tomcat-2.1.0.RELEASE.jar;E:\.m2\repository\javax\annotation\javax.annotation-api\1.3.2\javax.annotation-api-1.3.2.jar;E:\.m2\repository\org\apache\tomcat\embed\tomcat-embed-core\9.0.12\tomcat-embed-core-9.0.12.jar;E:\.m2\repository\org\apache\tomcat\embed\tomcat-embed-el\9.0.12\tomcat-embed-el-9.0.12.jar;E:\.m2\repository\org\apache\tomcat\embed\tomcat-embed-websocket\9.0.12\tomcat-embed-websocket-9.0.12.jar;E:\.m2\repository\org\apache\tomcat\embed\tomcat-embed-jasper\9.0.12\tomcat-embed-jasper-9.0.12.jar;E:\.m2\repository\org\eclipse\jdt\ecj\3.13.102\ecj-3.13.102.jar;E:\.m2\repository\javax\xml\bind\jaxb-api\2.2.11\jaxb-api-2.2.11.jar;E:\.m2\repository\com\alibaba\fastjson\1.2.15\fastjson-1.2.15.jar;E:\.m2\repository\org\springframework\boot\spring-boot-starter-freemarker\2.1.0.RELEASE\spring-boot-starter-freemarker-2.1.0.RELEASE.jar;E:\.m2\repository\org\freemarker\freemarker\2.3.28\freemarker-2.3.28.jar;E:\.m2\repository\org\springframework\spring-context-support\5.1.2.RELEASE\spring-context-support-5.1.2.RELEASE.jar;E:\.m2\repository\org\springframework\boot\spring-boot-starter-actuator\2.1.0.RELEASE\spring-boot-starter-actuator-2.1.0.RELEASE.jar;E:\.m2\repository\org\springframework\boot\spring-boot-actuator-autoconfigure\2.1.0.RELEASE\spring-boot-actuator-autoconfigure-2.1.0.RELEASE.jar;E:\.m2\repository\org\springframework\boot\spring-boot-actuator\2.1.0.RELEASE\spring-boot-actuator-2.1.0.RELEASE.jar;E:\.m2\repository\io\micrometer\micrometer-core\1.1.0\micrometer-core-1.1.0.jar;E:\.m2\repository\org\hdrhistogram\HdrHistogram\2.1.9\HdrHistogram-2.1.9.jar;E:\.m2\repository\org\latencyutils\LatencyUtils\2.0.3\LatencyUtils-2.0.3.jar;"/>
    <property name="sun.cpu.endian" value="little"/>
    <property name="user.home" value="C:\Users\ASUS"/>
    <property name="user.language" value="zh"/>
    <property name="java.specification.vendor" value="Oracle Corporation"/>
    <property name="java.home" value="D:\Program Files\Java\jdk1.8.0_361\jre"/>
    <property name="basedir" value="E:\Workspaces\MyEclipse 2017 CI\springbootfreemarker Maven Webapp"/>
    <property name="file.separator" value="\"/>
    <property name="line.separator" value="&#10;"/>
    <property name="java.vm.specification.vendor" value="Oracle Corporation"/>
    <property name="java.specification.name" value="Java Platform API Specification"/>
    <property name="java.awt.graphicsenv" value="sun.awt.Win32GraphicsEnvironment"/>
    <property name="surefire.real.class.path" value="C:\Users\ASUS\AppData\Local\Temp\surefire4949234436036463913\surefirebooter7616979559400484849.jar"/>
    <property name="sun.boot.class.path" value="D:\Program Files\Java\jdk1.8.0_361\jre\lib\resources.jar;D:\Program Files\Java\jdk1.8.0_361\jre\lib\rt.jar;D:\Program Files\Java\jdk1.8.0_361\jre\lib\jsse.jar;D:\Program Files\Java\jdk1.8.0_361\jre\lib\jce.jar;D:\Program Files\Java\jdk1.8.0_361\jre\lib\charsets.jar;D:\Program Files\Java\jdk1.8.0_361\jre\lib\jfr.jar;D:\Program Files\Java\jdk1.8.0_361\jre\classes"/>
    <property name="user.script" value=""/>
    <property name="sun.management.compiler" value="HotSpot 64-Bit Tiered Compilers"/>
    <property name="java.runtime.version" value="1.8.0_361-b09"/>
    <property name="java.net.preferIPv4Stack" value="true"/>
    <property name="user.name" value="ASUS"/>
    <property name="path.separator" value=";"/>
    <property name="os.version" value="10.0"/>
    <property name="java.endorsed.dirs" value="D:\Program Files\Java\jdk1.8.0_361\jre\lib\endorsed"/>
    <property name="java.runtime.name" value="Java(TM) SE Runtime Environment"/>
    <property name="file.encoding" value="GBK"/>
    <property name="java.vm.name" value="Java HotSpot(TM) 64-Bit Server VM"/>
    <property name="localRepository" value="E:\.m2\repository"/>
    <property name="java.vendor.url.bug" value="http://bugreport.sun.com/bugreport/"/>
    <property name="java.io.tmpdir" value="C:\Users\ASUS\AppData\Local\Temp\"/>
    <property name="java.version" value="1.8.0_361"/>
    <property name="user.dir" value="E:\Workspaces\MyEclipse 2017 CI\springbootfreemarker Maven Webapp"/>
    <property name="os.arch" value="amd64"/>
    <property name="java.vm.specification.name" value="Java Virtual Machine Specification"/>
    <property name="java.awt.printerjob" value="sun.awt.windows.WPrinterJob"/>
    <property name="sun.os.patch.level" value=""/>
    <property name="java.library.path" value="D:\Program Files\Java\jdk1.8.0_361\jre\bin;C:\WINDOWS\Sun\Java\bin;C:\WINDOWS\system32;C:\WINDOWS;D:\Program Files\Java\jdk1.8.0_361\bin;C:\Program Files (x86)\Common Files\Oracle\Java\javapath;C:\WINDOWS\system32;C:\WINDOWS;C:\WINDOWS\System32\Wbem;C:\WINDOWS\System32\WindowsPowerShell\v1.0\;C:\WINDOWS\System32\OpenSSH\;D:\软件\apache-maven-4.0.0-alpha-2-bin\apache-maven-4.0.0-alpha-2\bin;%;RLANG_HOME%\bin;C:\Program Files\MongoDB\Server\6.0\bin;D:\Program Files\apache-zookeeper-3.7.1-bin\bin;D:\Program Files\Java\jdk1.8.0_361\jre\bin;D:\Program Files\Xshell 7\;D:\软件\Notepad++6.69\Notepad++;d:\Program Files\Git\cmd;D:\Program Files\apache-tomcat-9.0.82\bin;C:\Program Files\MySQL\MySQL Shell 8.0\bin\;C:\Users\ASUS\AppData\Local\Microsoft\WindowsApps;;."/>
    <property name="java.vm.info" value="mixed mode"/>
    <property name="java.vendor" value="Oracle Corporation"/>
    <property name="java.vm.version" value="25.361-b09"/>
    <property name="java.specification.maintenance.version" value="4"/>
    <property name="java.ext.dirs" value="D:\Program Files\Java\jdk1.8.0_361\jre\lib\ext;C:\WINDOWS\Sun\Java\lib\ext"/>
    <property name="sun.io.unicode.encoding" value="UnicodeLittle"/>
    <property name="java.class.version" value="52.0"/>
  </properties>
  <testcase name="testMongoDB" classname="com.example.demo.mongo.MongoDBTest" time="0.11"/>
</testsuite>